<?xml version="1.0" encoding="UTF-8"?>
<!-- Generated by org.testng.reporters.JUnitXMLReporter -->
<testsuite ignored="0" hostname="kimo" failures="0" tests="30" name="Surefire test" time="16.288" errors="0" timestamp="2025-07-29T16:51:30 EEST">
  <testcase classname="Auth.Login_Test" name="user_login_test" time="1.7"/>
  <testcase classname="Carts.Carts_Test" name="Sort_result_of_carts_DESC" time="0.986"/>
  <testcase classname="Carts.Carts_Test" name="add_a_new_product_in_carts" time="0.465"/>
  <testcase classname="Carts.Carts_Test" name="delete_a_specific_cart" time="0.326"/>
  <testcase classname="Carts.Carts_Test" name="get_a_single_cart" time="0.383"/>
  <testcase classname="Carts.Carts_Test" name="get_all_carts" time="0.418"/>
  <testcase classname="Carts.Carts_Test" name="get_carts_in_a_date_range" time="0.33"/>
  <testcase classname="Carts.Carts_Test" name="get_carts_in_specific_date" time="0.33"/>
  <testcase classname="Carts.Carts_Test" name="get_carts_in_specific_user" time="0.325"/>
  <testcase classname="Carts.Carts_Test" name="limit_results_of_carts" time="0.331"/>
  <testcase classname="Carts.Carts_Test" name="update_a_product_PUT" time="0.294"/>
  <testcase classname="Carts.Carts_Test" name="update_a_product_using_PATCH" time="0.298"/>
  <testcase classname="EndToEnd.EndToEnd_Test" name="E2E_Flow" time="2.821"/>
  <testcase classname="Products.Product_Test" name="Sort_result_of_products_DESC" time="0.259"/>
  <testcase classname="Products.Product_Test" name="delete_a_specific_product" time="0.397"/>
  <testcase classname="Products.Product_Test" name="get_a_single_product" time="0.228"/>
  <testcase classname="Products.Product_Test" name="get_all_categories" time="0.299"/>
  <testcase classname="Products.Product_Test" name="get_all_products" time="0.312"/>
  <testcase classname="Products.Product_Test" name="get_product_in_specific_categories" time="0.321"/>
  <testcase classname="Products.Product_Test" name="limit_result_of_product" time="0.231"/>
  <testcase classname="Products.Product_Test" name="update_product_using_PATCH" time="1.229"/>
  <testcase classname="Products.Product_Test" name="update_product_using_PUT" time="0.227"/>
  <testcase classname="Users.Users_Test" name="Sort_result_of_users_DESC" time="0.33"/>
  <testcase classname="Users.Users_Test" name="add_a_new_user" time="0.219"/>
  <testcase classname="Users.Users_Test" name="delete_a_specific_cart" time="0.379"/>
  <testcase classname="Users.Users_Test" name="get_a_single_user" time="0.323"/>
  <testcase classname="Users.Users_Test" name="get_all_users" time="0.839"/>
  <testcase classname="Users.Users_Test" name="limit_results_of_users" time="0.73"/>
  <testcase classname="Users.Users_Test" name="update_a_user_using_PATCH" time="0.23"/>
  <testcase classname="Users.Users_Test" name="update_a_user_using_PUT" time="0.211"/>
</testsuite> <!-- Surefire test -->
